{"/Users/serdar/Desktop/Bitirme/src/data/pisp.ts": {"path":"/Users/serdar/Desktop/Bitirme/src/data/pisp.ts","statementMap":{"0":{"start":{"line":70,"column":33},"end":{"line":263,"column":1}},"1":{"start":{"line":265,"column":37},"end":{"line":265,"column":39}},"2":{"start":{"line":267,"column":51},"end":{"line":273,"column":1}},"3":{"start":{"line":275,"column":47},"end":{"line":278,"column":6}},"4":{"start":{"line":276,"column":2},"end":{"line":276,"column":26}},"5":{"start":{"line":277,"column":2},"end":{"line":277,"column":16}},"6":{"start":{"line":280,"column":42},"end":{"line":286,"column":6}},"7":{"start":{"line":281,"column":2},"end":{"line":281,"column":26}},"8":{"start":{"line":282,"column":2},"end":{"line":284,"column":3}},"9":{"start":{"line":283,"column":4},"end":{"line":283,"column":47}},"10":{"start":{"line":285,"column":2},"end":{"line":285,"column":15}},"11":{"start":{"line":288,"column":47},"end":{"line":293,"column":6}},"12":{"start":{"line":289,"column":2},"end":{"line":291,"column":3}},"13":{"start":{"line":290,"column":4},"end":{"line":290,"column":35}},"14":{"start":{"line":292,"column":2},"end":{"line":292,"column":16}},"15":{"start":{"line":296,"column":2},"end":{"line":302,"column":4}},"16":{"start":{"line":297,"column":4},"end":{"line":301,"column":7}},"17":{"start":{"line":297,"column":34},"end":{"line":301,"column":5}},"18":{"start":{"line":306,"column":2},"end":{"line":306,"column":155}},"19":{"start":{"line":306,"column":61},"end":{"line":306,"column":153}},"20":{"start":{"line":321,"column":18},"end":{"line":321,"column":60}},"21":{"start":{"line":322,"column":2},"end":{"line":336,"column":4}},"22":{"start":{"line":328,"column":63},"end":{"line":328,"column":86}},"23":{"start":{"line":345,"column":18},"end":{"line":345,"column":60}},"24":{"start":{"line":346,"column":2},"end":{"line":376,"column":4}},"25":{"start":{"line":358,"column":39},"end":{"line":358,"column":67}},"26":{"start":{"line":372,"column":26},"end":{"line":372,"column":67}},"27":{"start":{"line":372,"column":51},"end":{"line":372,"column":66}},"28":{"start":{"line":373,"column":23},"end":{"line":373,"column":45}},"29":{"start":{"line":380,"column":18},"end":{"line":380,"column":60}},"30":{"start":{"line":381,"column":19},"end":{"line":389,"column":7}},"31":{"start":{"line":382,"column":4},"end":{"line":384,"column":5}},"32":{"start":{"line":383,"column":6},"end":{"line":383,"column":24}},"33":{"start":{"line":385,"column":4},"end":{"line":387,"column":5}},"34":{"start":{"line":386,"column":6},"end":{"line":386,"column":24}},"35":{"start":{"line":388,"column":4},"end":{"line":388,"column":21}},"36":{"start":{"line":390,"column":2},"end":{"line":390,"column":33}},"37":{"start":{"line":394,"column":18},"end":{"line":394,"column":67}},"38":{"start":{"line":395,"column":2},"end":{"line":397,"column":3}},"39":{"start":{"line":396,"column":4},"end":{"line":396,"column":15}},"40":{"start":{"line":398,"column":2},"end":{"line":398,"column":68}},"41":{"start":{"line":401,"column":43},"end":{"line":401,"column":45}}},"fnMap":{"0":{"name":"(anonymous_0)","decl":{"start":{"line":275,"column":77},"end":{"line":275,"column":78}},"loc":{"start":{"line":275,"column":99},"end":{"line":278,"column":1}},"line":275},"1":{"name":"(anonymous_1)","decl":{"start":{"line":280,"column":70},"end":{"line":280,"column":71}},"loc":{"start":{"line":280,"column":89},"end":{"line":286,"column":1}},"line":280},"2":{"name":"(anonymous_2)","decl":{"start":{"line":288,"column":75},"end":{"line":288,"column":76}},"loc":{"start":{"line":288,"column":95},"end":{"line":293,"column":1}},"line":288},"3":{"name":"allFields","decl":{"start":{"line":295,"column":16},"end":{"line":295,"column":25}},"loc":{"start":{"line":295,"column":68},"end":{"line":303,"column":1}},"line":295},"4":{"name":"(anonymous_4)","decl":{"start":{"line":296,"column":25},"end":{"line":296,"column":26}},"loc":{"start":{"line":297,"column":4},"end":{"line":301,"column":7}},"line":297},"5":{"name":"(anonymous_5)","decl":{"start":{"line":297,"column":22},"end":{"line":297,"column":23}},"loc":{"start":{"line":297,"column":34},"end":{"line":301,"column":5}},"line":297},"6":{"name":"getAllowedFields","decl":{"start":{"line":305,"column":16},"end":{"line":305,"column":32}},"loc":{"start":{"line":305,"column":116},"end":{"line":307,"column":1}},"line":305},"7":{"name":"(anonymous_7)","decl":{"start":{"line":306,"column":34},"end":{"line":306,"column":35}},"loc":{"start":{"line":306,"column":61},"end":{"line":306,"column":153}},"line":306},"8":{"name":"createDisclosurePreview","decl":{"start":{"line":309,"column":16},"end":{"line":309,"column":39}},"loc":{"start":{"line":320,"column":2},"end":{"line":337,"column":1}},"line":320},"9":{"name":"(anonymous_9)","decl":{"start":{"line":328,"column":52},"end":{"line":328,"column":53}},"loc":{"start":{"line":328,"column":63},"end":{"line":328,"column":86}},"line":328},"10":{"name":"createOdrlPolicy","decl":{"start":{"line":339,"column":16},"end":{"line":339,"column":32}},"loc":{"start":{"line":344,"column":2},"end":{"line":377,"column":1}},"line":344},"11":{"name":"(anonymous_11)","decl":{"start":{"line":358,"column":28},"end":{"line":358,"column":29}},"loc":{"start":{"line":358,"column":39},"end":{"line":358,"column":67}},"line":358},"12":{"name":"(anonymous_12)","decl":{"start":{"line":372,"column":18},"end":{"line":372,"column":19}},"loc":{"start":{"line":372,"column":26},"end":{"line":372,"column":67}},"line":372},"13":{"name":"(anonymous_13)","decl":{"start":{"line":372,"column":40},"end":{"line":372,"column":41}},"loc":{"start":{"line":372,"column":51},"end":{"line":372,"column":66}},"line":372},"14":{"name":"(anonymous_14)","decl":{"start":{"line":373,"column":15},"end":{"line":373,"column":16}},"loc":{"start":{"line":373,"column":23},"end":{"line":373,"column":45}},"line":373},"15":{"name":"calculateRiskScore","decl":{"start":{"line":379,"column":16},"end":{"line":379,"column":34}},"loc":{"start":{"line":379,"column":118},"end":{"line":391,"column":1}},"line":379},"16":{"name":"(anonymous_16)","decl":{"start":{"line":381,"column":34},"end":{"line":381,"column":35}},"loc":{"start":{"line":381,"column":52},"end":{"line":389,"column":3}},"line":381},"17":{"name":"minimizationScore","decl":{"start":{"line":393,"column":16},"end":{"line":393,"column":33}},"loc":{"start":{"line":393,"column":117},"end":{"line":399,"column":1}},"line":393}},"branchMap":{"0":{"loc":{"start":{"line":295,"column":26},"end":{"line":295,"column":66}},"type":"default-arg","locations":[{"start":{"line":295,"column":48},"end":{"line":295,"column":66}}],"line":295},"1":{"loc":{"start":{"line":299,"column":13},"end":{"line":299,"column":44}},"type":"binary-expr","locations":[{"start":{"line":299,"column":13},"end":{"line":299,"column":29}},{"start":{"line":299,"column":33},"end":{"line":299,"column":44}}],"line":299},"2":{"loc":{"start":{"line":305,"column":74},"end":{"line":305,"column":114}},"type":"default-arg","locations":[{"start":{"line":305,"column":96},"end":{"line":305,"column":114}}],"line":305},"3":{"loc":{"start":{"line":306,"column":61},"end":{"line":306,"column":153}},"type":"binary-expr","locations":[{"start":{"line":306,"column":61},"end":{"line":306,"column":91}},{"start":{"line":306,"column":95},"end":{"line":306,"column":112}},{"start":{"line":306,"column":116},"end":{"line":306,"column":126}},{"start":{"line":306,"column":130},"end":{"line":306,"column":153}}],"line":306},"4":{"loc":{"start":{"line":312,"column":2},"end":{"line":312,"column":42}},"type":"default-arg","locations":[{"start":{"line":312,"column":24},"end":{"line":312,"column":42}}],"line":312},"5":{"loc":{"start":{"line":313,"column":2},"end":{"line":319,"column":3}},"type":"default-arg","locations":[{"start":{"line":313,"column":27},"end":{"line":319,"column":3}}],"line":313},"6":{"loc":{"start":{"line":335,"column":11},"end":{"line":335,"column":103}},"type":"cond-expr","locations":[{"start":{"line":335,"column":39},"end":{"line":335,"column":72}},{"start":{"line":335,"column":75},"end":{"line":335,"column":103}}],"line":335},"7":{"loc":{"start":{"line":343,"column":2},"end":{"line":343,"column":42}},"type":"default-arg","locations":[{"start":{"line":343,"column":24},"end":{"line":343,"column":42}}],"line":343},"8":{"loc":{"start":{"line":379,"column":76},"end":{"line":379,"column":116}},"type":"default-arg","locations":[{"start":{"line":379,"column":98},"end":{"line":379,"column":116}}],"line":379},"9":{"loc":{"start":{"line":382,"column":4},"end":{"line":384,"column":5}},"type":"if","locations":[{"start":{"line":382,"column":4},"end":{"line":384,"column":5}},{"start":{},"end":{}}],"line":382},"10":{"loc":{"start":{"line":385,"column":4},"end":{"line":387,"column":5}},"type":"if","locations":[{"start":{"line":385,"column":4},"end":{"line":387,"column":5}},{"start":{},"end":{}}],"line":385},"11":{"loc":{"start":{"line":393,"column":75},"end":{"line":393,"column":115}},"type":"default-arg","locations":[{"start":{"line":393,"column":97},"end":{"line":393,"column":115}}],"line":393},"12":{"loc":{"start":{"line":395,"column":2},"end":{"line":397,"column":3}},"type":"if","locations":[{"start":{"line":395,"column":2},"end":{"line":397,"column":3}},{"start":{},"end":{}}],"line":395}},"s":{"0":3,"1":3,"2":3,"3":3,"4":0,"5":0,"6":3,"7":42,"8":42,"9":156,"10":42,"11":3,"12":42,"13":156,"14":42,"15":8,"16":112,"17":416,"18":2,"19":104,"20":0,"21":0,"22":0,"23":1,"24":1,"25":0,"26":2,"27":0,"28":2,"29":0,"30":0,"31":0,"32":0,"33":0,"34":0,"35":0,"36":0,"37":0,"38":0,"39":0,"40":0,"41":3},"f":{"0":0,"1":42,"2":42,"3":8,"4":112,"5":416,"6":2,"7":104,"8":0,"9":0,"10":1,"11":0,"12":2,"13":0,"14":2,"15":0,"16":0,"17":0},"b":{"0":[0],"1":[416,0],"2":[1],"3":[104,4,4,4],"4":[0],"5":[0],"6":[0,0],"7":[1],"8":[0],"9":[0,0],"10":[0,0],"11":[0],"12":[0,0]},"_coverageSchema":"1a1c01bbd47fc00a2c39e90264f33305004495a9","hash":"72d9f75dc62647b66f884e4ac12f4f3dc421898a"}
,"/Users/serdar/Desktop/Bitirme/src/services/portableBackup.ts": {"path":"/Users/serdar/Desktop/Bitirme/src/services/portableBackup.ts","statementMap":{"0":{"start":{"line":14,"column":31},"end":{"line":14,"column":62}},"1":{"start":{"line":15,"column":18},"end":{"line":18,"column":4}},"2":{"start":{"line":19,"column":19},"end":{"line":19,"column":95}},"3":{"start":{"line":20,"column":21},"end":{"line":20,"column":83}},"4":{"start":{"line":21,"column":43},"end":{"line":26,"column":3}},"5":{"start":{"line":27,"column":2},"end":{"line":27,"column":34}},"6":{"start":{"line":31,"column":31},"end":{"line":31,"column":62}},"7":{"start":{"line":32,"column":19},"end":{"line":32,"column":84}},"8":{"start":{"line":33,"column":2},"end":{"line":35,"column":3}},"9":{"start":{"line":34,"column":4},"end":{"line":34,"column":59}},"10":{"start":{"line":37,"column":20},"end":{"line":37,"column":111}},"11":{"start":{"line":38,"column":2},"end":{"line":40,"column":3}},"12":{"start":{"line":39,"column":4},"end":{"line":39,"column":63}},"13":{"start":{"line":42,"column":19},"end":{"line":42,"column":97}},"14":{"start":{"line":43,"column":2},"end":{"line":45,"column":3}},"15":{"start":{"line":44,"column":4},"end":{"line":44,"column":61}},"16":{"start":{"line":47,"column":17},"end":{"line":47,"column":62}},"17":{"start":{"line":48,"column":2},"end":{"line":50,"column":3}},"18":{"start":{"line":49,"column":4},"end":{"line":49,"column":63}},"19":{"start":{"line":51,"column":2},"end":{"line":64,"column":4}},"20":{"start":{"line":68,"column":18},"end":{"line":68,"column":35}},"21":{"start":{"line":69,"column":2},"end":{"line":71,"column":3}},"22":{"start":{"line":70,"column":4},"end":{"line":70,"column":64}},"23":{"start":{"line":72,"column":2},"end":{"line":72,"column":17}}},"fnMap":{"0":{"name":"createPortableBackup","decl":{"start":{"line":13,"column":22},"end":{"line":13,"column":42}},"loc":{"start":{"line":13,"column":95},"end":{"line":28,"column":1}},"line":13},"1":{"name":"restorePortableBackup","decl":{"start":{"line":30,"column":22},"end":{"line":30,"column":43}},"loc":{"start":{"line":30,"column":123},"end":{"line":65,"column":1}},"line":30},"2":{"name":"normalizePassphrase","decl":{"start":{"line":67,"column":9},"end":{"line":67,"column":28}},"loc":{"start":{"line":67,"column":49},"end":{"line":73,"column":1}},"line":67}},"branchMap":{"0":{"loc":{"start":{"line":33,"column":2},"end":{"line":35,"column":3}},"type":"if","locations":[{"start":{"line":33,"column":2},"end":{"line":35,"column":3}},{"start":{},"end":{}}],"line":33},"1":{"loc":{"start":{"line":33,"column":6},"end":{"line":33,"column":90}},"type":"binary-expr","locations":[{"start":{"line":33,"column":6},"end":{"line":33,"column":44}},{"start":{"line":33,"column":48},"end":{"line":33,"column":68}},{"start":{"line":33,"column":72},"end":{"line":33,"column":90}}],"line":33},"2":{"loc":{"start":{"line":38,"column":2},"end":{"line":40,"column":3}},"type":"if","locations":[{"start":{"line":38,"column":2},"end":{"line":40,"column":3}},{"start":{},"end":{}}],"line":38},"3":{"loc":{"start":{"line":43,"column":2},"end":{"line":45,"column":3}},"type":"if","locations":[{"start":{"line":43,"column":2},"end":{"line":45,"column":3}},{"start":{},"end":{}}],"line":43},"4":{"loc":{"start":{"line":48,"column":2},"end":{"line":50,"column":3}},"type":"if","locations":[{"start":{"line":48,"column":2},"end":{"line":50,"column":3}},{"start":{},"end":{}}],"line":48},"5":{"loc":{"start":{"line":48,"column":6},"end":{"line":48,"column":66}},"type":"binary-expr","locations":[{"start":{"line":48,"column":6},"end":{"line":48,"column":25}},{"start":{"line":48,"column":29},"end":{"line":48,"column":43}},{"start":{"line":48,"column":47},"end":{"line":48,"column":66}}],"line":48},"6":{"loc":{"start":{"line":55,"column":14},"end":{"line":55,"column":67}},"type":"cond-expr","locations":[{"start":{"line":55,"column":47},"end":{"line":55,"column":62}},{"start":{"line":55,"column":65},"end":{"line":55,"column":67}}],"line":55},"7":{"loc":{"start":{"line":56,"column":21},"end":{"line":56,"column":88}},"type":"cond-expr","locations":[{"start":{"line":56,"column":61},"end":{"line":56,"column":83}},{"start":{"line":56,"column":86},"end":{"line":56,"column":88}}],"line":56},"8":{"loc":{"start":{"line":58,"column":18},"end":{"line":58,"column":83}},"type":"cond-expr","locations":[{"start":{"line":58,"column":60},"end":{"line":58,"column":79}},{"start":{"line":58,"column":82},"end":{"line":58,"column":83}}],"line":58},"9":{"loc":{"start":{"line":60,"column":18},"end":{"line":60,"column":79}},"type":"cond-expr","locations":[{"start":{"line":60,"column":55},"end":{"line":60,"column":74}},{"start":{"line":60,"column":77},"end":{"line":60,"column":79}}],"line":60},"10":{"loc":{"start":{"line":61,"column":22},"end":{"line":61,"column":91}},"type":"cond-expr","locations":[{"start":{"line":61,"column":63},"end":{"line":61,"column":86}},{"start":{"line":61,"column":89},"end":{"line":61,"column":91}}],"line":61},"11":{"loc":{"start":{"line":63,"column":15},"end":{"line":63,"column":59}},"type":"binary-expr","locations":[{"start":{"line":63,"column":15},"end":{"line":63,"column":31}},{"start":{"line":63,"column":35},"end":{"line":63,"column":59}}],"line":63},"12":{"loc":{"start":{"line":69,"column":2},"end":{"line":71,"column":3}},"type":"if","locations":[{"start":{"line":69,"column":2},"end":{"line":71,"column":3}},{"start":{},"end":{}}],"line":69}},"s":{"0":5,"1":3,"2":3,"3":3,"4":3,"5":3,"6":4,"7":3,"8":3,"9":1,"10":2,"11":1,"12":0,"13":1,"14":1,"15":0,"16":1,"17":1,"18":0,"19":1,"20":9,"21":9,"22":3,"23":6},"f":{"0":5,"1":4,"2":9},"b":{"0":[1,2],"1":[3,2,2],"2":[0,1],"3":[0,1],"4":[0,1],"5":[1,1,1],"6":[1,0],"7":[1,0],"8":[1,0],"9":[1,0],"10":[1,0],"11":[1,0],"12":[3,6]},"_coverageSchema":"1a1c01bbd47fc00a2c39e90264f33305004495a9","hash":"28d5557246cf83bb40233b80b2b9a7187d1a24bb"}
,"/Users/serdar/Desktop/Bitirme/src/services/sovereigntyLedger.ts": {"path":"/Users/serdar/Desktop/Bitirme/src/services/sovereigntyLedger.ts","statementMap":{"0":{"start":{"line":26,"column":19},"end":{"line":26,"column":61}},"1":{"start":{"line":27,"column":30},"end":{"line":27,"column":44}},"2":{"start":{"line":30,"column":20},"end":{"line":30,"column":44}},"3":{"start":{"line":31,"column":18},"end":{"line":35,"column":3}},"4":{"start":{"line":36,"column":22},"end":{"line":36,"column":60}},"5":{"start":{"line":37,"column":21},"end":{"line":37,"column":56}},"6":{"start":{"line":38,"column":20},"end":{"line":48,"column":3}},"7":{"start":{"line":50,"column":2},"end":{"line":64,"column":4}},"8":{"start":{"line":73,"column":47},"end":{"line":73,"column":53}},"9":{"start":{"line":74,"column":18},"end":{"line":74,"column":52}},"10":{"start":{"line":75,"column":21},"end":{"line":75,"column":64}},"11":{"start":{"line":76,"column":19},"end":{"line":76,"column":42}},"12":{"start":{"line":77,"column":20},"end":{"line":77,"column":44}},"13":{"start":{"line":78,"column":28},"end":{"line":78,"column":60}},"14":{"start":{"line":78,"column":51},"end":{"line":78,"column":59}},"15":{"start":{"line":80,"column":36},"end":{"line":90,"column":3}},"16":{"start":{"line":92,"column":22},"end":{"line":92,"column":78}},"17":{"start":{"line":93,"column":21},"end":{"line":93,"column":62}},"18":{"start":{"line":94,"column":23},"end":{"line":94,"column":67}},"19":{"start":{"line":95,"column":16},"end":{"line":95,"column":49}},"20":{"start":{"line":96,"column":31},"end":{"line":96,"column":89}},"21":{"start":{"line":98,"column":20},"end":{"line":109,"column":3}},"22":{"start":{"line":111,"column":2},"end":{"line":128,"column":4}},"23":{"start":{"line":132,"column":2},"end":{"line":134,"column":3}},"24":{"start":{"line":133,"column":4},"end":{"line":133,"column":55}},"25":{"start":{"line":136,"column":2},"end":{"line":145,"column":3}},"26":{"start":{"line":136,"column":19},"end":{"line":136,"column":20}},"27":{"start":{"line":137,"column":18},"end":{"line":137,"column":30}},"28":{"start":{"line":138,"column":4},"end":{"line":140,"column":5}},"29":{"start":{"line":139,"column":6},"end":{"line":139,"column":64}},"30":{"start":{"line":141,"column":33},"end":{"line":141,"column":98}},"31":{"start":{"line":142,"column":4},"end":{"line":144,"column":5}},"32":{"start":{"line":143,"column":6},"end":{"line":143,"column":78}},"33":{"start":{"line":147,"column":2},"end":{"line":147,"column":70}},"34":{"start":{"line":151,"column":2},"end":{"line":151,"column":78}},"35":{"start":{"line":155,"column":2},"end":{"line":155,"column":43}},"36":{"start":{"line":159,"column":2},"end":{"line":161,"column":3}},"37":{"start":{"line":160,"column":4},"end":{"line":160,"column":33}},"38":{"start":{"line":162,"column":2},"end":{"line":169,"column":3}},"39":{"start":{"line":163,"column":4},"end":{"line":168,"column":13}},"40":{"start":{"line":166,"column":8},"end":{"line":166,"column":71}},"41":{"start":{"line":167,"column":8},"end":{"line":167,"column":19}},"42":{"start":{"line":170,"column":2},"end":{"line":170,"column":15}}},"fnMap":{"0":{"name":"createGenesisBlock","decl":{"start":{"line":29,"column":22},"end":{"line":29,"column":40}},"loc":{"start":{"line":29,"column":65},"end":{"line":65,"column":1}},"line":29},"1":{"name":"createShareBlock","decl":{"start":{"line":67,"column":22},"end":{"line":67,"column":38}},"loc":{"start":{"line":72,"column":25},"end":{"line":129,"column":1}},"line":72},"2":{"name":"(anonymous_2)","decl":{"start":{"line":78,"column":40},"end":{"line":78,"column":41}},"loc":{"start":{"line":78,"column":51},"end":{"line":78,"column":59}},"line":78},"3":{"name":"verifyChain","decl":{"start":{"line":131,"column":22},"end":{"line":131,"column":33}},"loc":{"start":{"line":131,"column":56},"end":{"line":148,"column":1}},"line":131},"4":{"name":"sha256","decl":{"start":{"line":150,"column":15},"end":{"line":150,"column":21}},"loc":{"start":{"line":150,"column":37},"end":{"line":152,"column":1}},"line":150},"5":{"name":"stableStringify","decl":{"start":{"line":154,"column":9},"end":{"line":154,"column":24}},"loc":{"start":{"line":154,"column":49},"end":{"line":156,"column":1}},"line":154},"6":{"name":"sortObject","decl":{"start":{"line":158,"column":9},"end":{"line":158,"column":19}},"loc":{"start":{"line":158,"column":45},"end":{"line":171,"column":1}},"line":158},"7":{"name":"(anonymous_7)","decl":{"start":{"line":165,"column":39},"end":{"line":165,"column":40}},"loc":{"start":{"line":165,"column":53},"end":{"line":168,"column":7}},"line":165}},"branchMap":{"0":{"loc":{"start":{"line":94,"column":23},"end":{"line":94,"column":67}},"type":"binary-expr","locations":[{"start":{"line":94,"column":23},"end":{"line":94,"column":42}},{"start":{"line":94,"column":46},"end":{"line":94,"column":67}}],"line":94},"1":{"loc":{"start":{"line":95,"column":16},"end":{"line":95,"column":49}},"type":"cond-expr","locations":[{"start":{"line":95,"column":27},"end":{"line":95,"column":45}},{"start":{"line":95,"column":48},"end":{"line":95,"column":49}}],"line":95},"2":{"loc":{"start":{"line":96,"column":31},"end":{"line":96,"column":89}},"type":"cond-expr","locations":[{"start":{"line":96,"column":52},"end":{"line":96,"column":69}},{"start":{"line":96,"column":72},"end":{"line":96,"column":89}}],"line":96},"3":{"loc":{"start":{"line":132,"column":2},"end":{"line":134,"column":3}},"type":"if","locations":[{"start":{"line":132,"column":2},"end":{"line":134,"column":3}},{"start":{},"end":{}}],"line":132},"4":{"loc":{"start":{"line":138,"column":4},"end":{"line":140,"column":5}},"type":"if","locations":[{"start":{"line":138,"column":4},"end":{"line":140,"column":5}},{"start":{},"end":{}}],"line":138},"5":{"loc":{"start":{"line":141,"column":33},"end":{"line":141,"column":98}},"type":"cond-expr","locations":[{"start":{"line":141,"column":47},"end":{"line":141,"column":68}},{"start":{"line":141,"column":71},"end":{"line":141,"column":98}}],"line":141},"6":{"loc":{"start":{"line":142,"column":4},"end":{"line":144,"column":5}},"type":"if","locations":[{"start":{"line":142,"column":4},"end":{"line":144,"column":5}},{"start":{},"end":{}}],"line":142},"7":{"loc":{"start":{"line":159,"column":2},"end":{"line":161,"column":3}},"type":"if","locations":[{"start":{"line":159,"column":2},"end":{"line":161,"column":3}},{"start":{},"end":{}}],"line":159},"8":{"loc":{"start":{"line":162,"column":2},"end":{"line":169,"column":3}},"type":"if","locations":[{"start":{"line":162,"column":2},"end":{"line":169,"column":3}},{"start":{},"end":{}}],"line":162},"9":{"loc":{"start":{"line":162,"column":6},"end":{"line":162,"column":40}},"type":"binary-expr","locations":[{"start":{"line":162,"column":6},"end":{"line":162,"column":11}},{"start":{"line":162,"column":15},"end":{"line":162,"column":40}}],"line":162}},"s":{"0":1,"1":1,"2":3,"3":3,"4":3,"5":3,"6":3,"7":3,"8":1,"9":1,"10":1,"11":1,"12":1,"13":1,"14":0,"15":1,"16":1,"17":1,"18":1,"19":1,"20":1,"21":1,"22":1,"23":2,"24":1,"25":1,"26":1,"27":1,"28":1,"29":0,"30":1,"31":1,"32":0,"33":1,"34":12,"35":9,"36":91,"37":6,"38":85,"39":16,"40":74,"41":74,"42":69},"f":{"0":3,"1":1,"2":0,"3":2,"4":12,"5":9,"6":91,"7":74},"b":{"0":[1,0],"1":[1,0],"2":[0,1],"3":[1,1],"4":[0,1],"5":[1,0],"6":[0,1],"7":[6,85],"8":[16,69],"9":[85,82]},"_coverageSchema":"1a1c01bbd47fc00a2c39e90264f33305004495a9","hash":"c61f133a40aa05f1f5212d1a21d92da938baec4b"}
,"/Users/serdar/Desktop/Bitirme/src/utils/helpers.ts": {"path":"/Users/serdar/Desktop/Bitirme/src/utils/helpers.ts","statementMap":{"0":{"start":{"line":6,"column":2},"end":{"line":6,"column":39}},"1":{"start":{"line":6,"column":26},"end":{"line":6,"column":39}},"2":{"start":{"line":7,"column":2},"end":{"line":7,"column":54}},"3":{"start":{"line":11,"column":2},"end":{"line":11,"column":47}},"4":{"start":{"line":11,"column":27},"end":{"line":11,"column":47}},"5":{"start":{"line":12,"column":2},"end":{"line":12,"column":51}},"6":{"start":{"line":12,"column":29},"end":{"line":12,"column":51}},"7":{"start":{"line":13,"column":2},"end":{"line":13,"column":21}},"8":{"start":{"line":17,"column":2},"end":{"line":24,"column":4}},"9":{"start":{"line":28,"column":19},"end":{"line":28,"column":91}},"10":{"start":{"line":29,"column":21},"end":{"line":29,"column":89}},"11":{"start":{"line":30,"column":2},"end":{"line":30,"column":94}},"12":{"start":{"line":30,"column":25},"end":{"line":30,"column":94}},"13":{"start":{"line":31,"column":2},"end":{"line":31,"column":102}},"14":{"start":{"line":31,"column":27},"end":{"line":31,"column":102}},"15":{"start":{"line":32,"column":2},"end":{"line":32,"column":17}},"16":{"start":{"line":36,"column":16},"end":{"line":36,"column":39}},"17":{"start":{"line":37,"column":2},"end":{"line":37,"column":59}},"18":{"start":{"line":41,"column":17},"end":{"line":41,"column":34}},"19":{"start":{"line":42,"column":2},"end":{"line":42,"column":36}},"20":{"start":{"line":42,"column":27},"end":{"line":42,"column":36}},"21":{"start":{"line":43,"column":2},"end":{"line":43,"column":100}},"22":{"start":{"line":43,"column":42},"end":{"line":43,"column":67}},"23":{"start":{"line":47,"column":17},"end":{"line":47,"column":82}},"24":{"start":{"line":47,"column":49},"end":{"line":47,"column":81}},"25":{"start":{"line":48,"column":22},"end":{"line":48,"column":108}},"26":{"start":{"line":48,"column":43},"end":{"line":48,"column":107}},"27":{"start":{"line":49,"column":24},"end":{"line":49,"column":114}},"28":{"start":{"line":49,"column":45},"end":{"line":49,"column":113}},"29":{"start":{"line":50,"column":18},"end":{"line":50,"column":100}},"30":{"start":{"line":51,"column":2},"end":{"line":51,"column":130}},"31":{"start":{"line":51,"column":72},"end":{"line":51,"column":76}},"32":{"start":{"line":51,"column":119},"end":{"line":51,"column":126}},"33":{"start":{"line":55,"column":2},"end":{"line":55,"column":77}},"34":{"start":{"line":55,"column":29},"end":{"line":55,"column":67}},"35":{"start":{"line":55,"column":50},"end":{"line":55,"column":66}},"36":{"start":{"line":59,"column":2},"end":{"line":59,"column":59}},"37":{"start":{"line":59,"column":33},"end":{"line":59,"column":44}},"38":{"start":{"line":63,"column":2},"end":{"line":63,"column":64}},"39":{"start":{"line":63,"column":31},"end":{"line":63,"column":42}},"40":{"start":{"line":67,"column":2},"end":{"line":67,"column":48}},"41":{"start":{"line":67,"column":26},"end":{"line":67,"column":48}},"42":{"start":{"line":68,"column":2},"end":{"line":68,"column":51}},"43":{"start":{"line":68,"column":25},"end":{"line":68,"column":51}},"44":{"start":{"line":69,"column":2},"end":{"line":69,"column":52}},"45":{"start":{"line":69,"column":23},"end":{"line":69,"column":52}},"46":{"start":{"line":70,"column":2},"end":{"line":70,"column":25}},"47":{"start":{"line":74,"column":2},"end":{"line":74,"column":54}},"48":{"start":{"line":74,"column":32},"end":{"line":74,"column":54}},"49":{"start":{"line":75,"column":2},"end":{"line":75,"column":59}},"50":{"start":{"line":75,"column":34},"end":{"line":75,"column":59}},"51":{"start":{"line":76,"column":2},"end":{"line":76,"column":26}},"52":{"start":{"line":80,"column":2},"end":{"line":80,"column":44}},"53":{"start":{"line":80,"column":31},"end":{"line":80,"column":44}},"54":{"start":{"line":81,"column":2},"end":{"line":81,"column":37}},"55":{"start":{"line":81,"column":24},"end":{"line":81,"column":37}},"56":{"start":{"line":82,"column":12},"end":{"line":82,"column":39}},"57":{"start":{"line":83,"column":14},"end":{"line":83,"column":98}},"58":{"start":{"line":84,"column":14},"end":{"line":84,"column":98}},"59":{"start":{"line":85,"column":2},"end":{"line":85,"column":39}},"60":{"start":{"line":89,"column":2},"end":{"line":89,"column":51}},"61":{"start":{"line":89,"column":28},"end":{"line":89,"column":51}},"62":{"start":{"line":90,"column":2},"end":{"line":90,"column":47}},"63":{"start":{"line":90,"column":28},"end":{"line":90,"column":47}},"64":{"start":{"line":91,"column":2},"end":{"line":91,"column":51}},"65":{"start":{"line":91,"column":31},"end":{"line":91,"column":51}},"66":{"start":{"line":92,"column":2},"end":{"line":92,"column":28}},"67":{"start":{"line":95,"column":53},"end":{"line":127,"column":1}},"68":{"start":{"line":130,"column":2},"end":{"line":130,"column":46}},"69":{"start":{"line":134,"column":18},"end":{"line":134,"column":30}},"70":{"start":{"line":135,"column":2},"end":{"line":135,"column":48}},"71":{"start":{"line":135,"column":16},"end":{"line":135,"column":48}},"72":{"start":{"line":136,"column":2},"end":{"line":139,"column":3}},"73":{"start":{"line":137,"column":4},"end":{"line":137,"column":75}},"74":{"start":{"line":137,"column":35},"end":{"line":137,"column":75}},"75":{"start":{"line":138,"column":4},"end":{"line":138,"column":89}},"76":{"start":{"line":138,"column":38},"end":{"line":138,"column":89}},"77":{"start":{"line":140,"column":2},"end":{"line":144,"column":3}},"78":{"start":{"line":141,"column":25},"end":{"line":141,"column":60}},"79":{"start":{"line":142,"column":22},"end":{"line":142,"column":41}},"80":{"start":{"line":143,"column":4},"end":{"line":143,"column":94}},"81":{"start":{"line":143,"column":50},"end":{"line":143,"column":94}},"82":{"start":{"line":145,"column":2},"end":{"line":145,"column":127}},"83":{"start":{"line":145,"column":86},"end":{"line":145,"column":127}},"84":{"start":{"line":146,"column":2},"end":{"line":146,"column":116}},"85":{"start":{"line":146,"column":75},"end":{"line":146,"column":116}},"86":{"start":{"line":147,"column":2},"end":{"line":147,"column":111}},"87":{"start":{"line":147,"column":68},"end":{"line":147,"column":111}},"88":{"start":{"line":148,"column":2},"end":{"line":148,"column":14}},"89":{"start":{"line":168,"column":2},"end":{"line":179,"column":4}},"90":{"start":{"line":174,"column":48},"end":{"line":174,"column":55}},"91":{"start":{"line":193,"column":23},"end":{"line":193,"column":47}},"92":{"start":{"line":194,"column":25},"end":{"line":194,"column":75}},"93":{"start":{"line":194,"column":47},"end":{"line":194,"column":74}},"94":{"start":{"line":195,"column":26},"end":{"line":195,"column":99}},"95":{"start":{"line":195,"column":67},"end":{"line":195,"column":98}},"96":{"start":{"line":196,"column":31},"end":{"line":198,"column":33}},"97":{"start":{"line":197,"column":17},"end":{"line":197,"column":84}},"98":{"start":{"line":198,"column":27},"end":{"line":198,"column":32}},"99":{"start":{"line":199,"column":25},"end":{"line":199,"column":90}},"100":{"start":{"line":199,"column":53},"end":{"line":199,"column":89}},"101":{"start":{"line":201,"column":37},"end":{"line":203,"column":3}},"102":{"start":{"line":204,"column":2},"end":{"line":204,"column":114}},"103":{"start":{"line":204,"column":23},"end":{"line":204,"column":114}},"104":{"start":{"line":205,"column":2},"end":{"line":205,"column":176}},"105":{"start":{"line":205,"column":34},"end":{"line":205,"column":176}},"106":{"start":{"line":206,"column":2},"end":{"line":206,"column":134}},"107":{"start":{"line":206,"column":39},"end":{"line":206,"column":134}},"108":{"start":{"line":207,"column":2},"end":{"line":207,"column":115}},"109":{"start":{"line":208,"column":2},"end":{"line":208,"column":160}},"110":{"start":{"line":208,"column":33},"end":{"line":208,"column":160}},"111":{"start":{"line":208,"column":135},"end":{"line":208,"column":142}},"112":{"start":{"line":209,"column":2},"end":{"line":212,"column":5}},"113":{"start":{"line":213,"column":2},"end":{"line":213,"column":18}}},"fnMap":{"0":{"name":"shortHash","decl":{"start":{"line":5,"column":16},"end":{"line":5,"column":25}},"loc":{"start":{"line":5,"column":41},"end":{"line":8,"column":1}},"line":5},"1":{"name":"decisionLabel","decl":{"start":{"line":10,"column":16},"end":{"line":10,"column":29}},"loc":{"start":{"line":10,"column":64},"end":{"line":14,"column":1}},"line":10},"2":{"name":"makeEvent","decl":{"start":{"line":16,"column":16},"end":{"line":16,"column":25}},"loc":{"start":{"line":16,"column":124},"end":{"line":25,"column":1}},"line":16},"3":{"name":"nextContextChoice","decl":{"start":{"line":27,"column":16},"end":{"line":27,"column":33}},"loc":{"start":{"line":27,"column":99},"end":{"line":33,"column":1}},"line":27},"4":{"name":"nextValue","decl":{"start":{"line":35,"column":9},"end":{"line":35,"column":18}},"loc":{"start":{"line":35,"column":47},"end":{"line":38,"column":1}},"line":35},"5":{"name":"calculateVaultCompleteness","decl":{"start":{"line":40,"column":16},"end":{"line":40,"column":42}},"loc":{"start":{"line":40,"column":64},"end":{"line":44,"column":1}},"line":40},"6":{"name":"(anonymous_6)","decl":{"start":{"line":43,"column":35},"end":{"line":43,"column":36}},"loc":{"start":{"line":43,"column":42},"end":{"line":43,"column":67}},"line":43},"7":{"name":"getTemplateReadiness","decl":{"start":{"line":46,"column":16},"end":{"line":46,"column":36}},"loc":{"start":{"line":46,"column":99},"end":{"line":52,"column":1}},"line":46},"8":{"name":"(anonymous_8)","decl":{"start":{"line":47,"column":42},"end":{"line":47,"column":43}},"loc":{"start":{"line":47,"column":49},"end":{"line":47,"column":81}},"line":47},"9":{"name":"(anonymous_9)","decl":{"start":{"line":48,"column":36},"end":{"line":48,"column":37}},"loc":{"start":{"line":48,"column":43},"end":{"line":48,"column":107}},"line":48},"10":{"name":"(anonymous_10)","decl":{"start":{"line":49,"column":38},"end":{"line":49,"column":39}},"loc":{"start":{"line":49,"column":45},"end":{"line":49,"column":113}},"line":49},"11":{"name":"(anonymous_11)","decl":{"start":{"line":51,"column":65},"end":{"line":51,"column":66}},"loc":{"start":{"line":51,"column":72},"end":{"line":51,"column":76}},"line":51},"12":{"name":"(anonymous_12)","decl":{"start":{"line":51,"column":112},"end":{"line":51,"column":113}},"loc":{"start":{"line":51,"column":119},"end":{"line":51,"column":126}},"line":51},"13":{"name":"domainForFieldId","decl":{"start":{"line":54,"column":16},"end":{"line":54,"column":32}},"loc":{"start":{"line":54,"column":50},"end":{"line":56,"column":1}},"line":54},"14":{"name":"(anonymous_14)","decl":{"start":{"line":55,"column":22},"end":{"line":55,"column":23}},"loc":{"start":{"line":55,"column":29},"end":{"line":55,"column":67}},"line":55},"15":{"name":"(anonymous_15)","decl":{"start":{"line":55,"column":43},"end":{"line":55,"column":44}},"loc":{"start":{"line":55,"column":50},"end":{"line":55,"column":66}},"line":55},"16":{"name":"fieldLabelById","decl":{"start":{"line":58,"column":16},"end":{"line":58,"column":30}},"loc":{"start":{"line":58,"column":43},"end":{"line":60,"column":1}},"line":58},"17":{"name":"(anonymous_17)","decl":{"start":{"line":59,"column":26},"end":{"line":59,"column":27}},"loc":{"start":{"line":59,"column":33},"end":{"line":59,"column":44}},"line":59},"18":{"name":"templateNameById","decl":{"start":{"line":62,"column":16},"end":{"line":62,"column":32}},"loc":{"start":{"line":62,"column":46},"end":{"line":64,"column":1}},"line":62},"19":{"name":"(anonymous_19)","decl":{"start":{"line":63,"column":24},"end":{"line":63,"column":25}},"loc":{"start":{"line":63,"column":31},"end":{"line":63,"column":42}},"line":63},"20":{"name":"outputLabel","decl":{"start":{"line":66,"column":16},"end":{"line":66,"column":27}},"loc":{"start":{"line":66,"column":56},"end":{"line":71,"column":1}},"line":66},"21":{"name":"riskLabelForField","decl":{"start":{"line":73,"column":16},"end":{"line":73,"column":33}},"loc":{"start":{"line":73,"column":48},"end":{"line":77,"column":1}},"line":73},"22":{"name":"validateTCKimlikNo","decl":{"start":{"line":79,"column":16},"end":{"line":79,"column":34}},"loc":{"start":{"line":79,"column":59},"end":{"line":86,"column":1}},"line":79},"23":{"name":"keyboardTypeForField","decl":{"start":{"line":88,"column":16},"end":{"line":88,"column":36}},"loc":{"start":{"line":88,"column":51},"end":{"line":93,"column":1}},"line":88},"24":{"name":"placeholderForField","decl":{"start":{"line":129,"column":16},"end":{"line":129,"column":35}},"loc":{"start":{"line":129,"column":58},"end":{"line":131,"column":1}},"line":129},"25":{"name":"validateFieldValue","decl":{"start":{"line":133,"column":16},"end":{"line":133,"column":34}},"loc":{"start":{"line":133,"column":79},"end":{"line":149,"column":1}},"line":133},"26":{"name":"createReceipt","decl":{"start":{"line":151,"column":16},"end":{"line":151,"column":29}},"loc":{"start":{"line":167,"column":17},"end":{"line":180,"column":1}},"line":167},"27":{"name":"(anonymous_27)","decl":{"start":{"line":174,"column":41},"end":{"line":174,"column":42}},"loc":{"start":{"line":174,"column":48},"end":{"line":174,"column":55}},"line":174},"28":{"name":"assessQRRequest","decl":{"start":{"line":184,"column":16},"end":{"line":184,"column":31}},"loc":{"start":{"line":192,"column":20},"end":{"line":214,"column":1}},"line":192},"29":{"name":"(anonymous_29)","decl":{"start":{"line":194,"column":40},"end":{"line":194,"column":41}},"loc":{"start":{"line":194,"column":47},"end":{"line":194,"column":74}},"line":194},"30":{"name":"(anonymous_30)","decl":{"start":{"line":195,"column":59},"end":{"line":195,"column":60}},"loc":{"start":{"line":195,"column":67},"end":{"line":195,"column":98}},"line":195},"31":{"name":"(anonymous_31)","decl":{"start":{"line":197,"column":9},"end":{"line":197,"column":10}},"loc":{"start":{"line":197,"column":17},"end":{"line":197,"column":84}},"line":197},"32":{"name":"(anonymous_32)","decl":{"start":{"line":198,"column":12},"end":{"line":198,"column":13}},"loc":{"start":{"line":198,"column":27},"end":{"line":198,"column":32}},"line":198},"33":{"name":"(anonymous_33)","decl":{"start":{"line":199,"column":46},"end":{"line":199,"column":47}},"loc":{"start":{"line":199,"column":53},"end":{"line":199,"column":89}},"line":199},"34":{"name":"(anonymous_34)","decl":{"start":{"line":208,"column":128},"end":{"line":208,"column":129}},"loc":{"start":{"line":208,"column":135},"end":{"line":208,"column":142}},"line":208}},"branchMap":{"0":{"loc":{"start":{"line":6,"column":2},"end":{"line":6,"column":39}},"type":"if","locations":[{"start":{"line":6,"column":2},"end":{"line":6,"column":39}},{"start":{},"end":{}}],"line":6},"1":{"loc":{"start":{"line":11,"column":2},"end":{"line":11,"column":47}},"type":"if","locations":[{"start":{"line":11,"column":2},"end":{"line":11,"column":47}},{"start":{},"end":{}}],"line":11},"2":{"loc":{"start":{"line":12,"column":2},"end":{"line":12,"column":51}},"type":"if","locations":[{"start":{"line":12,"column":2},"end":{"line":12,"column":51}},{"start":{},"end":{}}],"line":12},"3":{"loc":{"start":{"line":30,"column":2},"end":{"line":30,"column":94}},"type":"if","locations":[{"start":{"line":30,"column":2},"end":{"line":30,"column":94}},{"start":{},"end":{}}],"line":30},"4":{"loc":{"start":{"line":31,"column":2},"end":{"line":31,"column":102}},"type":"if","locations":[{"start":{"line":31,"column":2},"end":{"line":31,"column":102}},{"start":{},"end":{}}],"line":31},"5":{"loc":{"start":{"line":37,"column":9},"end":{"line":37,"column":58}},"type":"binary-expr","locations":[{"start":{"line":37,"column":9},"end":{"line":37,"column":44}},{"start":{"line":37,"column":48},"end":{"line":37,"column":58}}],"line":37},"6":{"loc":{"start":{"line":42,"column":2},"end":{"line":42,"column":36}},"type":"if","locations":[{"start":{"line":42,"column":2},"end":{"line":42,"column":36}},{"start":{},"end":{}}],"line":42},"7":{"loc":{"start":{"line":48,"column":43},"end":{"line":48,"column":107}},"type":"binary-expr","locations":[{"start":{"line":48,"column":43},"end":{"line":48,"column":62}},{"start":{"line":48,"column":66},"end":{"line":48,"column":78}},{"start":{"line":48,"column":82},"end":{"line":48,"column":107}}],"line":48},"8":{"loc":{"start":{"line":49,"column":45},"end":{"line":49,"column":113}},"type":"binary-expr","locations":[{"start":{"line":49,"column":45},"end":{"line":49,"column":65}},{"start":{"line":49,"column":69},"end":{"line":49,"column":82}},{"start":{"line":49,"column":86},"end":{"line":49,"column":113}}],"line":49},"9":{"loc":{"start":{"line":50,"column":18},"end":{"line":50,"column":100}},"type":"cond-expr","locations":[{"start":{"line":50,"column":40},"end":{"line":50,"column":43}},{"start":{"line":50,"column":46},"end":{"line":50,"column":100}}],"line":50},"10":{"loc":{"start":{"line":55,"column":9},"end":{"line":55,"column":76}},"type":"binary-expr","locations":[{"start":{"line":55,"column":9},"end":{"line":55,"column":68}},{"start":{"line":55,"column":72},"end":{"line":55,"column":76}}],"line":55},"11":{"loc":{"start":{"line":59,"column":9},"end":{"line":59,"column":58}},"type":"binary-expr","locations":[{"start":{"line":59,"column":9},"end":{"line":59,"column":52}},{"start":{"line":59,"column":56},"end":{"line":59,"column":58}}],"line":59},"12":{"loc":{"start":{"line":63,"column":9},"end":{"line":63,"column":63}},"type":"binary-expr","locations":[{"start":{"line":63,"column":9},"end":{"line":63,"column":49}},{"start":{"line":63,"column":53},"end":{"line":63,"column":63}}],"line":63},"13":{"loc":{"start":{"line":67,"column":2},"end":{"line":67,"column":48}},"type":"if","locations":[{"start":{"line":67,"column":2},"end":{"line":67,"column":48}},{"start":{},"end":{}}],"line":67},"14":{"loc":{"start":{"line":68,"column":2},"end":{"line":68,"column":51}},"type":"if","locations":[{"start":{"line":68,"column":2},"end":{"line":68,"column":51}},{"start":{},"end":{}}],"line":68},"15":{"loc":{"start":{"line":69,"column":2},"end":{"line":69,"column":52}},"type":"if","locations":[{"start":{"line":69,"column":2},"end":{"line":69,"column":52}},{"start":{},"end":{}}],"line":69},"16":{"loc":{"start":{"line":74,"column":2},"end":{"line":74,"column":54}},"type":"if","locations":[{"start":{"line":74,"column":2},"end":{"line":74,"column":54}},{"start":{},"end":{}}],"line":74},"17":{"loc":{"start":{"line":75,"column":2},"end":{"line":75,"column":59}},"type":"if","locations":[{"start":{"line":75,"column":2},"end":{"line":75,"column":59}},{"start":{},"end":{}}],"line":75},"18":{"loc":{"start":{"line":80,"column":2},"end":{"line":80,"column":44}},"type":"if","locations":[{"start":{"line":80,"column":2},"end":{"line":80,"column":44}},{"start":{},"end":{}}],"line":80},"19":{"loc":{"start":{"line":81,"column":2},"end":{"line":81,"column":37}},"type":"if","locations":[{"start":{"line":81,"column":2},"end":{"line":81,"column":37}},{"start":{},"end":{}}],"line":81},"20":{"loc":{"start":{"line":85,"column":9},"end":{"line":85,"column":38}},"type":"binary-expr","locations":[{"start":{"line":85,"column":9},"end":{"line":85,"column":21}},{"start":{"line":85,"column":25},"end":{"line":85,"column":38}}],"line":85},"21":{"loc":{"start":{"line":89,"column":2},"end":{"line":89,"column":51}},"type":"if","locations":[{"start":{"line":89,"column":2},"end":{"line":89,"column":51}},{"start":{},"end":{}}],"line":89},"22":{"loc":{"start":{"line":90,"column":2},"end":{"line":90,"column":47}},"type":"if","locations":[{"start":{"line":90,"column":2},"end":{"line":90,"column":47}},{"start":{},"end":{}}],"line":90},"23":{"loc":{"start":{"line":91,"column":2},"end":{"line":91,"column":51}},"type":"if","locations":[{"start":{"line":91,"column":2},"end":{"line":91,"column":51}},{"start":{},"end":{}}],"line":91},"24":{"loc":{"start":{"line":130,"column":9},"end":{"line":130,"column":45}},"type":"binary-expr","locations":[{"start":{"line":130,"column":9},"end":{"line":130,"column":30}},{"start":{"line":130,"column":34},"end":{"line":130,"column":45}}],"line":130},"25":{"loc":{"start":{"line":135,"column":2},"end":{"line":135,"column":48}},"type":"if","locations":[{"start":{"line":135,"column":2},"end":{"line":135,"column":48}},{"start":{},"end":{}}],"line":135},"26":{"loc":{"start":{"line":136,"column":2},"end":{"line":139,"column":3}},"type":"if","locations":[{"start":{"line":136,"column":2},"end":{"line":139,"column":3}},{"start":{},"end":{}}],"line":136},"27":{"loc":{"start":{"line":137,"column":4},"end":{"line":137,"column":75}},"type":"if","locations":[{"start":{"line":137,"column":4},"end":{"line":137,"column":75}},{"start":{},"end":{}}],"line":137},"28":{"loc":{"start":{"line":138,"column":4},"end":{"line":138,"column":89}},"type":"if","locations":[{"start":{"line":138,"column":4},"end":{"line":138,"column":89}},{"start":{},"end":{}}],"line":138},"29":{"loc":{"start":{"line":140,"column":2},"end":{"line":144,"column":3}},"type":"if","locations":[{"start":{"line":140,"column":2},"end":{"line":144,"column":3}},{"start":{},"end":{}}],"line":140},"30":{"loc":{"start":{"line":143,"column":4},"end":{"line":143,"column":94}},"type":"if","locations":[{"start":{"line":143,"column":4},"end":{"line":143,"column":94}},{"start":{},"end":{}}],"line":143},"31":{"loc":{"start":{"line":143,"column":8},"end":{"line":143,"column":48}},"type":"binary-expr","locations":[{"start":{"line":143,"column":8},"end":{"line":143,"column":21}},{"start":{"line":143,"column":25},"end":{"line":143,"column":48}}],"line":143},"32":{"loc":{"start":{"line":145,"column":2},"end":{"line":145,"column":127}},"type":"if","locations":[{"start":{"line":145,"column":2},"end":{"line":145,"column":127}},{"start":{},"end":{}}],"line":145},"33":{"loc":{"start":{"line":145,"column":6},"end":{"line":145,"column":84}},"type":"binary-expr","locations":[{"start":{"line":145,"column":6},"end":{"line":145,"column":29}},{"start":{"line":145,"column":33},"end":{"line":145,"column":58}},{"start":{"line":145,"column":62},"end":{"line":145,"column":84}}],"line":145},"34":{"loc":{"start":{"line":146,"column":2},"end":{"line":146,"column":116}},"type":"if","locations":[{"start":{"line":146,"column":2},"end":{"line":146,"column":116}},{"start":{},"end":{}}],"line":146},"35":{"loc":{"start":{"line":146,"column":6},"end":{"line":146,"column":73}},"type":"binary-expr","locations":[{"start":{"line":146,"column":6},"end":{"line":146,"column":26}},{"start":{"line":146,"column":30},"end":{"line":146,"column":73}}],"line":146},"36":{"loc":{"start":{"line":147,"column":2},"end":{"line":147,"column":111}},"type":"if","locations":[{"start":{"line":147,"column":2},"end":{"line":147,"column":111}},{"start":{},"end":{}}],"line":147},"37":{"loc":{"start":{"line":147,"column":6},"end":{"line":147,"column":66}},"type":"binary-expr","locations":[{"start":{"line":147,"column":6},"end":{"line":147,"column":26}},{"start":{"line":147,"column":30},"end":{"line":147,"column":66}}],"line":147},"38":{"loc":{"start":{"line":197,"column":58},"end":{"line":197,"column":81}},"type":"binary-expr","locations":[{"start":{"line":197,"column":58},"end":{"line":197,"column":70}},{"start":{"line":197,"column":74},"end":{"line":197,"column":81}}],"line":197},"39":{"loc":{"start":{"line":199,"column":53},"end":{"line":199,"column":89}},"type":"binary-expr","locations":[{"start":{"line":199,"column":53},"end":{"line":199,"column":73}},{"start":{"line":199,"column":77},"end":{"line":199,"column":89}}],"line":199},"40":{"loc":{"start":{"line":202,"column":13},"end":{"line":202,"column":51}},"type":"cond-expr","locations":[{"start":{"line":202,"column":34},"end":{"line":202,"column":40}},{"start":{"line":202,"column":43},"end":{"line":202,"column":51}}],"line":202},"41":{"loc":{"start":{"line":202,"column":59},"end":{"line":202,"column":139}},"type":"cond-expr","locations":[{"start":{"line":202,"column":80},"end":{"line":202,"column":116}},{"start":{"line":202,"column":119},"end":{"line":202,"column":139}}],"line":202},"42":{"loc":{"start":{"line":204,"column":2},"end":{"line":204,"column":114}},"type":"if","locations":[{"start":{"line":204,"column":2},"end":{"line":204,"column":114}},{"start":{},"end":{}}],"line":204},"43":{"loc":{"start":{"line":205,"column":2},"end":{"line":205,"column":176}},"type":"if","locations":[{"start":{"line":205,"column":2},"end":{"line":205,"column":176}},{"start":{},"end":{}}],"line":205},"44":{"loc":{"start":{"line":206,"column":2},"end":{"line":206,"column":134}},"type":"if","locations":[{"start":{"line":206,"column":2},"end":{"line":206,"column":134}},{"start":{},"end":{}}],"line":206},"45":{"loc":{"start":{"line":208,"column":2},"end":{"line":208,"column":160}},"type":"if","locations":[{"start":{"line":208,"column":2},"end":{"line":208,"column":160}},{"start":{},"end":{}}],"line":208},"46":{"loc":{"start":{"line":211,"column":10},"end":{"line":211,"column":150}},"type":"cond-expr","locations":[{"start":{"line":211,"column":39},"end":{"line":211,"column":87}},{"start":{"line":211,"column":90},"end":{"line":211,"column":150}}],"line":211}},"s":{"0":3,"1":2,"2":1,"3":0,"4":0,"5":0,"6":0,"7":0,"8":0,"9":0,"10":0,"11":0,"12":0,"13":0,"14":0,"15":0,"16":0,"17":0,"18":3,"19":3,"20":0,"21":3,"22":156,"23":1,"24":52,"25":1,"26":2,"27":1,"28":2,"29":1,"30":1,"31":2,"32":2,"33":0,"34":0,"35":0,"36":0,"37":0,"38":0,"39":0,"40":0,"41":0,"42":0,"43":0,"44":0,"45":0,"46":0,"47":0,"48":0,"49":0,"50":0,"51":0,"52":0,"53":0,"54":0,"55":0,"56":0,"57":0,"58":0,"59":0,"60":0,"61":0,"62":0,"63":0,"64":0,"65":0,"66":0,"67":1,"68":0,"69":11,"70":11,"71":2,"72":9,"73":0,"74":0,"75":0,"76":0,"77":9,"78":2,"79":2,"80":2,"81":1,"82":8,"83":1,"84":7,"85":1,"86":6,"87":1,"88":5,"89":0,"90":0,"91":0,"92":0,"93":0,"94":0,"95":0,"96":0,"97":0,"98":0,"99":0,"100":0,"101":0,"102":0,"103":0,"104":0,"105":0,"106":0,"107":0,"108":0,"109":0,"110":0,"111":0,"112":0,"113":0},"f":{"0":3,"1":0,"2":0,"3":0,"4":0,"5":3,"6":156,"7":1,"8":52,"9":2,"10":2,"11":2,"12":2,"13":0,"14":0,"15":0,"16":0,"17":0,"18":0,"19":0,"20":0,"21":0,"22":0,"23":0,"24":0,"25":11,"26":0,"27":0,"28":0,"29":0,"30":0,"31":0,"32":0,"33":0,"34":0},"b":{"0":[2,1],"1":[0,0],"2":[0,0],"3":[0,0],"4":[0,0],"5":[0,0],"6":[0,3],"7":[2,2,2],"8":[2,2,2],"9":[0,1],"10":[0,0],"11":[0,0],"12":[0,0],"13":[0,0],"14":[0,0],"15":[0,0],"16":[0,0],"17":[0,0],"18":[0,0],"19":[0,0],"20":[0,0],"21":[0,0],"22":[0,0],"23":[0,0],"24":[0,0],"25":[2,9],"26":[0,9],"27":[0,0],"28":[0,0],"29":[2,7],"30":[1,1],"31":[2,1],"32":[1,7],"33":[8,2,2],"34":[1,6],"35":[7,2],"36":[1,5],"37":[6,2],"38":[0,0],"39":[0,0],"40":[0,0],"41":[0,0],"42":[0,0],"43":[0,0],"44":[0,0],"45":[0,0],"46":[0,0]},"_coverageSchema":"1a1c01bbd47fc00a2c39e90264f33305004495a9","hash":"13de3f433c3595022810e38598f22b9f76be64ce"}
}
