TN:
SF:src/data/pisp.ts
FN:275,(anonymous_0)
FN:280,(anonymous_1)
FN:288,(anonymous_2)
FN:295,allFields
FN:296,(anonymous_4)
FN:297,(anonymous_5)
FN:305,getAllowedFields
FN:306,(anonymous_7)
FN:309,createDisclosurePreview
FN:328,(anonymous_9)
FN:339,createOdrlPolicy
FN:358,(anonymous_11)
FN:372,(anonymous_12)
FN:372,(anonymous_13)
FN:373,(anonymous_14)
FN:379,calculateRiskScore
FN:381,(anonymous_16)
FN:393,minimizationScore
FNF:18
FNH:10
FNDA:0,(anonymous_0)
FNDA:42,(anonymous_1)
FNDA:42,(anonymous_2)
FNDA:8,allFields
FNDA:112,(anonymous_4)
FNDA:416,(anonymous_5)
FNDA:2,getAllowedFields
FNDA:104,(anonymous_7)
FNDA:0,createDisclosurePreview
FNDA:0,(anonymous_9)
FNDA:1,createOdrlPolicy
FNDA:0,(anonymous_11)
FNDA:2,(anonymous_12)
FNDA:0,(anonymous_13)
FNDA:2,(anonymous_14)
FNDA:0,calculateRiskScore
FNDA:0,(anonymous_16)
FNDA:0,minimizationScore
DA:70,3
DA:265,3
DA:267,3
DA:275,3
DA:276,0
DA:277,0
DA:280,3
DA:281,42
DA:282,42
DA:283,156
DA:285,42
DA:288,3
DA:289,42
DA:290,156
DA:292,42
DA:296,8
DA:297,416
DA:306,104
DA:321,0
DA:322,0
DA:328,0
DA:345,1
DA:346,1
DA:358,0
DA:372,2
DA:373,2
DA:380,0
DA:381,0
DA:382,0
DA:383,0
DA:385,0
DA:386,0
DA:388,0
DA:390,0
DA:394,0
DA:395,0
DA:396,0
DA:398,0
DA:401,3
LF:39
LH:21
BRDA:295,0,0,0
BRDA:299,1,0,416
BRDA:299,1,1,0
BRDA:305,2,0,1
BRDA:306,3,0,104
BRDA:306,3,1,4
BRDA:306,3,2,4
BRDA:306,3,3,4
BRDA:312,4,0,0
BRDA:313,5,0,0
BRDA:335,6,0,0
BRDA:335,6,1,0
BRDA:343,7,0,1
BRDA:379,8,0,0
BRDA:382,9,0,0
BRDA:382,9,1,0
BRDA:385,10,0,0
BRDA:385,10,1,0
BRDA:393,11,0,0
BRDA:395,12,0,0
BRDA:395,12,1,0
BRF:21
BRH:7
end_of_record
TN:
SF:src/services/portableBackup.ts
FN:13,createPortableBackup
FN:30,restorePortableBackup
FN:67,normalizePassphrase
FNF:3
FNH:3
FNDA:5,createPortableBackup
FNDA:4,restorePortableBackup
FNDA:9,normalizePassphrase
DA:14,5
DA:15,3
DA:19,3
DA:20,3
DA:21,3
DA:27,3
DA:31,4
DA:32,3
DA:33,3
DA:34,1
DA:37,2
DA:38,1
DA:39,0
DA:42,1
DA:43,1
DA:44,0
DA:47,1
DA:48,1
DA:49,0
DA:51,1
DA:68,9
DA:69,9
DA:70,3
DA:72,6
LF:24
LH:21
BRDA:33,0,0,1
BRDA:33,0,1,2
BRDA:33,1,0,3
BRDA:33,1,1,2
BRDA:33,1,2,2
BRDA:38,2,0,0
BRDA:38,2,1,1
BRDA:43,3,0,0
BRDA:43,3,1,1
BRDA:48,4,0,0
BRDA:48,4,1,1
BRDA:48,5,0,1
BRDA:48,5,1,1
BRDA:48,5,2,1
BRDA:55,6,0,1
BRDA:55,6,1,0
BRDA:56,7,0,1
BRDA:56,7,1,0
BRDA:58,8,0,1
BRDA:58,8,1,0
BRDA:60,9,0,1
BRDA:60,9,1,0
BRDA:61,10,0,1
BRDA:61,10,1,0
BRDA:63,11,0,1
BRDA:63,11,1,0
BRDA:69,12,0,3
BRDA:69,12,1,6
BRF:28
BRH:19
end_of_record
TN:
SF:src/services/sovereigntyLedger.ts
FN:29,createGenesisBlock
FN:67,createShareBlock
FN:78,(anonymous_2)
FN:131,verifyChain
FN:150,sha256
FN:154,stableStringify
FN:158,sortObject
FN:165,(anonymous_7)
FNF:8
FNH:7
FNDA:3,createGenesisBlock
FNDA:1,createShareBlock
FNDA:0,(anonymous_2)
FNDA:2,verifyChain
FNDA:12,sha256
FNDA:9,stableStringify
FNDA:91,sortObject
FNDA:74,(anonymous_7)
DA:26,1
DA:27,1
DA:30,3
DA:31,3
DA:36,3
DA:37,3
DA:38,3
DA:50,3
DA:73,1
DA:74,1
DA:75,1
DA:76,1
DA:77,1
DA:78,1
DA:80,1
DA:92,1
DA:93,1
DA:94,1
DA:95,1
DA:96,1
DA:98,1
DA:111,1
DA:132,2
DA:133,1
DA:136,1
DA:137,1
DA:138,1
DA:139,0
DA:141,1
DA:142,1
DA:143,0
DA:147,1
DA:151,12
DA:155,9
DA:159,91
DA:160,6
DA:162,85
DA:163,16
DA:166,74
DA:167,74
DA:170,69
LF:41
LH:39
BRDA:94,0,0,1
BRDA:94,0,1,0
BRDA:95,1,0,1
BRDA:95,1,1,0
BRDA:96,2,0,0
BRDA:96,2,1,1
BRDA:132,3,0,1
BRDA:132,3,1,1
BRDA:138,4,0,0
BRDA:138,4,1,1
BRDA:141,5,0,1
BRDA:141,5,1,0
BRDA:142,6,0,0
BRDA:142,6,1,1
BRDA:159,7,0,6
BRDA:159,7,1,85
BRDA:162,8,0,16
BRDA:162,8,1,69
BRDA:162,9,0,85
BRDA:162,9,1,82
BRF:20
BRH:14
end_of_record
TN:
SF:src/utils/helpers.ts
FN:5,shortHash
FN:10,decisionLabel
FN:16,makeEvent
FN:27,nextContextChoice
FN:35,nextValue
FN:40,calculateVaultCompleteness
FN:43,(anonymous_6)
FN:46,getTemplateReadiness
FN:47,(anonymous_8)
FN:48,(anonymous_9)
FN:49,(anonymous_10)
FN:51,(anonymous_11)
FN:51,(anonymous_12)
FN:54,domainForFieldId
FN:55,(anonymous_14)
FN:55,(anonymous_15)
FN:58,fieldLabelById
FN:59,(anonymous_17)
FN:62,templateNameById
FN:63,(anonymous_19)
FN:66,outputLabel
FN:73,riskLabelForField
FN:79,validateTCKimlikNo
FN:88,keyboardTypeForField
FN:129,placeholderForField
FN:133,validateFieldValue
FN:151,createReceipt
FN:174,(anonymous_27)
FN:184,assessQRRequest
FN:194,(anonymous_29)
FN:195,(anonymous_30)
FN:197,(anonymous_31)
FN:198,(anonymous_32)
FN:199,(anonymous_33)
FN:208,(anonymous_34)
FNF:35
FNH:10
FNDA:3,shortHash
FNDA:0,decisionLabel
FNDA:0,makeEvent
FNDA:0,nextContextChoice
FNDA:0,nextValue
FNDA:3,calculateVaultCompleteness
FNDA:156,(anonymous_6)
FNDA:1,getTemplateReadiness
FNDA:52,(anonymous_8)
FNDA:2,(anonymous_9)
FNDA:2,(anonymous_10)
FNDA:2,(anonymous_11)
FNDA:2,(anonymous_12)
FNDA:0,domainForFieldId
FNDA:0,(anonymous_14)
FNDA:0,(anonymous_15)
FNDA:0,fieldLabelById
FNDA:0,(anonymous_17)
FNDA:0,templateNameById
FNDA:0,(anonymous_19)
FNDA:0,outputLabel
FNDA:0,riskLabelForField
FNDA:0,validateTCKimlikNo
FNDA:0,keyboardTypeForField
FNDA:0,placeholderForField
FNDA:11,validateFieldValue
FNDA:0,createReceipt
FNDA:0,(anonymous_27)
FNDA:0,assessQRRequest
FNDA:0,(anonymous_29)
FNDA:0,(anonymous_30)
FNDA:0,(anonymous_31)
FNDA:0,(anonymous_32)
FNDA:0,(anonymous_33)
FNDA:0,(anonymous_34)
DA:6,3
DA:7,1
DA:11,0
DA:12,0
DA:13,0
DA:17,0
DA:28,0
DA:29,0
DA:30,0
DA:31,0
DA:32,0
DA:36,0
DA:37,0
DA:41,3
DA:42,3
DA:43,156
DA:47,52
DA:48,2
DA:49,2
DA:50,1
DA:51,2
DA:55,0
DA:59,0
DA:63,0
DA:67,0
DA:68,0
DA:69,0
DA:70,0
DA:74,0
DA:75,0
DA:76,0
DA:80,0
DA:81,0
DA:82,0
DA:83,0
DA:84,0
DA:85,0
DA:89,0
DA:90,0
DA:91,0
DA:92,0
DA:95,1
DA:130,0
DA:134,11
DA:135,11
DA:136,9
DA:137,0
DA:138,0
DA:140,9
DA:141,2
DA:142,2
DA:143,2
DA:145,8
DA:146,7
DA:147,6
DA:148,5
DA:168,0
DA:174,0
DA:193,0
DA:194,0
DA:195,0
DA:196,0
DA:197,0
DA:198,0
DA:199,0
DA:201,0
DA:204,0
DA:205,0
DA:206,0
DA:207,0
DA:208,0
DA:209,0
DA:213,0
LF:73
LH:22
BRDA:6,0,0,2
BRDA:6,0,1,1
BRDA:11,1,0,0
BRDA:11,1,1,0
BRDA:12,2,0,0
BRDA:12,2,1,0
BRDA:30,3,0,0
BRDA:30,3,1,0
BRDA:31,4,0,0
BRDA:31,4,1,0
BRDA:37,5,0,0
BRDA:37,5,1,0
BRDA:42,6,0,0
BRDA:42,6,1,3
BRDA:48,7,0,2
BRDA:48,7,1,2
BRDA:48,7,2,2
BRDA:49,8,0,2
BRDA:49,8,1,2
BRDA:49,8,2,2
BRDA:50,9,0,0
BRDA:50,9,1,1
BRDA:55,10,0,0
BRDA:55,10,1,0
BRDA:59,11,0,0
BRDA:59,11,1,0
BRDA:63,12,0,0
BRDA:63,12,1,0
BRDA:67,13,0,0
BRDA:67,13,1,0
BRDA:68,14,0,0
BRDA:68,14,1,0
BRDA:69,15,0,0
BRDA:69,15,1,0
BRDA:74,16,0,0
BRDA:74,16,1,0
BRDA:75,17,0,0
BRDA:75,17,1,0
BRDA:80,18,0,0
BRDA:80,18,1,0
BRDA:81,19,0,0
BRDA:81,19,1,0
BRDA:85,20,0,0
BRDA:85,20,1,0
BRDA:89,21,0,0
BRDA:89,21,1,0
BRDA:90,22,0,0
BRDA:90,22,1,0
BRDA:91,23,0,0
BRDA:91,23,1,0
BRDA:130,24,0,0
BRDA:130,24,1,0
BRDA:135,25,0,2
BRDA:135,25,1,9
BRDA:136,26,0,0
BRDA:136,26,1,9
BRDA:137,27,0,0
BRDA:137,27,1,0
BRDA:138,28,0,0
BRDA:138,28,1,0
BRDA:140,29,0,2
BRDA:140,29,1,7
BRDA:143,30,0,1
BRDA:143,30,1,1
BRDA:143,31,0,2
BRDA:143,31,1,1
BRDA:145,32,0,1
BRDA:145,32,1,7
BRDA:145,33,0,8
BRDA:145,33,1,2
BRDA:145,33,2,2
BRDA:146,34,0,1
BRDA:146,34,1,6
BRDA:146,35,0,7
BRDA:146,35,1,2
BRDA:147,36,0,1
BRDA:147,36,1,5
BRDA:147,37,0,6
BRDA:147,37,1,2
BRDA:197,38,0,0
BRDA:197,38,1,0
BRDA:199,39,0,0
BRDA:199,39,1,0
BRDA:202,40,0,0
BRDA:202,40,1,0
BRDA:202,41,0,0
BRDA:202,41,1,0
BRDA:204,42,0,0
BRDA:204,42,1,0
BRDA:205,43,0,0
BRDA:205,43,1,0
BRDA:206,44,0,0
BRDA:206,44,1,0
BRDA:208,45,0,0
BRDA:208,45,1,0
BRDA:211,46,0,0
BRDA:211,46,1,0
BRF:97
BRH:32
end_of_record
